2021-12-13 14:10:08.690  INFO 368 --- [restartedMain] com.shop.admin.ShopBackEndApplication    : Starting ShopBackEndApplication using Java 15 on DESKTOP-9FI2JF9 with PID 368 (C:\Users\PC\Documents\workspace-spring-tool-suite-4-4.8.1.RELEASE\ShopReferences\shop\ShopProject\ShopWebParent\ShopBackEnd\target\classes started by PC in C:\Users\PC\Documents\workspace-spring-tool-suite-4-4.8.1.RELEASE\ShopReferences\shop\ShopProject\ShopWebParent\ShopBackEnd)
2021-12-13 14:10:08.691  INFO 368 --- [restartedMain] com.shop.admin.ShopBackEndApplication    : No active profile set, falling back to default profiles: default
2021-12-13 14:10:09.283  INFO 368 --- [restartedMain] .s.d.r.c.RepositoryConfigurationDelegate : Bootstrapping Spring Data JPA repositories in DEFAULT mode.
2021-12-13 14:10:09.324  INFO 368 --- [restartedMain] .s.d.r.c.RepositoryConfigurationDelegate : Finished Spring Data repository scanning in 40 ms. Found 2 JPA repository interfaces.
2021-12-13 14:10:09.598  INFO 368 --- [restartedMain] o.s.b.w.embedded.tomcat.TomcatWebServer  : Tomcat initialized with port(s): 8080 (http)
2021-12-13 14:10:09.601  INFO 368 --- [restartedMain] o.apache.catalina.core.StandardService   : Starting service [Tomcat]
2021-12-13 14:10:09.601  INFO 368 --- [restartedMain] org.apache.catalina.core.StandardEngine  : Starting Servlet engine: [Apache Tomcat/9.0.54]
2021-12-13 14:10:09.678  INFO 368 --- [restartedMain] o.a.c.c.C.[.[localhost].[/ShopAdmin]     : Initializing Spring embedded WebApplicationContext
2021-12-13 14:10:09.678  INFO 368 --- [restartedMain] w.s.c.ServletWebServerApplicationContext : Root WebApplicationContext: initialization completed in 980 ms
2021-12-13 14:10:09.807  INFO 368 --- [restartedMain] o.hibernate.jpa.internal.util.LogHelper  : HHH000204: Processing PersistenceUnitInfo [name: default]
2021-12-13 14:10:09.820  INFO 368 --- [restartedMain] com.zaxxer.hikari.HikariDataSource       : HikariPool-2 - Starting...
2021-12-13 14:10:09.846  INFO 368 --- [restartedMain] com.zaxxer.hikari.HikariDataSource       : HikariPool-2 - Start completed.
2021-12-13 14:10:09.847  INFO 368 --- [restartedMain] org.hibernate.dialect.Dialect            : HHH000400: Using dialect: org.hibernate.dialect.MySQL8Dialect
2021-12-13 14:10:10.030  INFO 368 --- [restartedMain] o.h.e.t.j.p.i.JtaPlatformInitiator       : HHH000490: Using JtaPlatform implementation: [org.hibernate.engine.transaction.jta.platform.internal.NoJtaPlatform]
2021-12-13 14:10:10.032  INFO 368 --- [restartedMain] j.LocalContainerEntityManagerFactoryBean : Initialized JPA EntityManagerFactory for persistence unit 'default'
2021-12-13 14:10:10.101  WARN 368 --- [restartedMain] JpaBaseConfiguration$JpaWebConfiguration : spring.jpa.open-in-view is enabled by default. Therefore, database queries may be performed during view rendering. Explicitly configure spring.jpa.open-in-view to disable this warning
2021-12-13 14:10:10.433  INFO 368 --- [restartedMain] o.s.s.web.DefaultSecurityFilterChain     : Will secure Ant [pattern='/images/**'] with []
2021-12-13 14:10:10.433  INFO 368 --- [restartedMain] o.s.s.web.DefaultSecurityFilterChain     : Will secure Ant [pattern='/js/**'] with []
2021-12-13 14:10:10.433  INFO 368 --- [restartedMain] o.s.s.web.DefaultSecurityFilterChain     : Will secure Ant [pattern='/webjars/**'] with []
2021-12-13 14:10:10.450  INFO 368 --- [restartedMain] o.s.s.web.DefaultSecurityFilterChain     : Will secure any request with [org.springframework.security.web.context.request.async.WebAsyncManagerIntegrationFilter@c26ccaa, org.springframework.security.web.context.SecurityContextPersistenceFilter@67e1e3ed, org.springframework.security.web.header.HeaderWriterFilter@7cfe59f4, org.springframework.security.web.csrf.CsrfFilter@3969839a, org.springframework.security.web.authentication.logout.LogoutFilter@7910d0d4, org.springframework.security.web.authentication.UsernamePasswordAuthenticationFilter@35a73d2, org.springframework.security.web.savedrequest.RequestCacheAwareFilter@5060658e, org.springframework.security.web.servletapi.SecurityContextHolderAwareRequestFilter@5e5fb78f, org.springframework.security.web.authentication.rememberme.RememberMeAuthenticationFilter@2d91560, org.springframework.security.web.authentication.AnonymousAuthenticationFilter@159eebfc, org.springframework.security.web.session.SessionManagementFilter@12e1d778, org.springframework.security.web.access.ExceptionTranslationFilter@2a13b4b3, org.springframework.security.web.access.intercept.FilterSecurityInterceptor@40db2f55]
2021-12-13 14:10:10.555  INFO 368 --- [restartedMain] o.s.b.a.w.s.WelcomePageHandlerMapping    : Adding welcome page template: index
2021-12-13 14:10:12.017  INFO 368 --- [restartedMain] o.s.b.d.a.OptionalLiveReloadServer       : LiveReload server is running on port 35729
2021-12-13 14:10:12.037  INFO 368 --- [restartedMain] o.s.b.w.embedded.tomcat.TomcatWebServer  : Tomcat started on port(s): 8080 (http) with context path '/ShopAdmin'
2021-12-13 14:10:12.044  INFO 368 --- [restartedMain] com.shop.admin.ShopBackEndApplication    : Started ShopBackEndApplication in 3.508 seconds (JVM running for 185279.995)
2021-12-13 14:10:12.047  INFO 368 --- [restartedMain] .ConditionEvaluationDeltaLoggingListener : Condition evaluation unchanged
2021-12-13 14:20:06.040  INFO 368 --- [Thread-7] j.LocalContainerEntityManagerFactoryBean : Closing JPA EntityManagerFactory for persistence unit 'default'
2021-12-13 14:20:06.042  INFO 368 --- [Thread-7] com.zaxxer.hikari.HikariDataSource       : HikariPool-2 - Shutdown initiated...
2021-12-13 14:20:06.049  INFO 368 --- [Thread-7] com.zaxxer.hikari.HikariDataSource       : HikariPool-2 - Shutdown completed.
2021-12-13 14:20:06.299  INFO 368 --- [restartedMain] com.shop.admin.ShopBackEndApplication    : Starting ShopBackEndApplication using Java 15 on DESKTOP-9FI2JF9 with PID 368 (C:\Users\PC\Documents\workspace-spring-tool-suite-4-4.8.1.RELEASE\ShopReferences\shop\ShopProject\ShopWebParent\ShopBackEnd\target\classes started by PC in C:\Users\PC\Documents\workspace-spring-tool-suite-4-4.8.1.RELEASE\ShopReferences\shop\ShopProject\ShopWebParent\ShopBackEnd)
2021-12-13 14:20:06.300  INFO 368 --- [restartedMain] com.shop.admin.ShopBackEndApplication    : No active profile set, falling back to default profiles: default
2021-12-13 14:20:06.688  INFO 368 --- [restartedMain] .s.d.r.c.RepositoryConfigurationDelegate : Bootstrapping Spring Data JPA repositories in DEFAULT mode.
2021-12-13 14:20:06.709  INFO 368 --- [restartedMain] .s.d.r.c.RepositoryConfigurationDelegate : Finished Spring Data repository scanning in 20 ms. Found 2 JPA repository interfaces.
2021-12-13 14:20:06.893  INFO 368 --- [restartedMain] o.s.b.w.embedded.tomcat.TomcatWebServer  : Tomcat initialized with port(s): 8080 (http)
2021-12-13 14:20:06.894  INFO 368 --- [restartedMain] o.apache.catalina.core.StandardService   : Starting service [Tomcat]
2021-12-13 14:20:06.895  INFO 368 --- [restartedMain] org.apache.catalina.core.StandardEngine  : Starting Servlet engine: [Apache Tomcat/9.0.54]
2021-12-13 14:20:06.965  INFO 368 --- [restartedMain] o.a.c.c.C.[.[localhost].[/ShopAdmin]     : Initializing Spring embedded WebApplicationContext
2021-12-13 14:20:06.965  INFO 368 --- [restartedMain] w.s.c.ServletWebServerApplicationContext : Root WebApplicationContext: initialization completed in 643 ms
2021-12-13 14:20:07.082  INFO 368 --- [restartedMain] o.hibernate.jpa.internal.util.LogHelper  : HHH000204: Processing PersistenceUnitInfo [name: default]
2021-12-13 14:20:07.098  INFO 368 --- [restartedMain] com.zaxxer.hikari.HikariDataSource       : HikariPool-3 - Starting...
2021-12-13 14:20:07.141  INFO 368 --- [restartedMain] com.zaxxer.hikari.HikariDataSource       : HikariPool-3 - Start completed.
2021-12-13 14:20:07.142  INFO 368 --- [restartedMain] org.hibernate.dialect.Dialect            : HHH000400: Using dialect: org.hibernate.dialect.MySQL8Dialect
2021-12-13 14:20:07.278  INFO 368 --- [restartedMain] o.h.e.t.j.p.i.JtaPlatformInitiator       : HHH000490: Using JtaPlatform implementation: [org.hibernate.engine.transaction.jta.platform.internal.NoJtaPlatform]
2021-12-13 14:20:07.279  INFO 368 --- [restartedMain] j.LocalContainerEntityManagerFactoryBean : Initialized JPA EntityManagerFactory for persistence unit 'default'
2021-12-13 14:20:07.362  WARN 368 --- [restartedMain] JpaBaseConfiguration$JpaWebConfiguration : spring.jpa.open-in-view is enabled by default. Therefore, database queries may be performed during view rendering. Explicitly configure spring.jpa.open-in-view to disable this warning
2021-12-13 14:20:07.665  INFO 368 --- [restartedMain] o.s.s.web.DefaultSecurityFilterChain     : Will secure Ant [pattern='/images/**'] with []
2021-12-13 14:20:07.666  INFO 368 --- [restartedMain] o.s.s.web.DefaultSecurityFilterChain     : Will secure Ant [pattern='/js/**'] with []
2021-12-13 14:20:07.666  INFO 368 --- [restartedMain] o.s.s.web.DefaultSecurityFilterChain     : Will secure Ant [pattern='/webjars/**'] with []
2021-12-13 14:20:07.682  INFO 368 --- [restartedMain] o.s.s.web.DefaultSecurityFilterChain     : Will secure any request with [org.springframework.security.web.context.request.async.WebAsyncManagerIntegrationFilter@1fe0ea81, org.springframework.security.web.context.SecurityContextPersistenceFilter@391c931e, org.springframework.security.web.header.HeaderWriterFilter@247eb7e0, org.springframework.security.web.csrf.CsrfFilter@553af68d, org.springframework.security.web.authentication.logout.LogoutFilter@39086d08, org.springframework.security.web.authentication.UsernamePasswordAuthenticationFilter@621ec3da, org.springframework.security.web.savedrequest.RequestCacheAwareFilter@a4db519, org.springframework.security.web.servletapi.SecurityContextHolderAwareRequestFilter@5bddd207, org.springframework.security.web.authentication.rememberme.RememberMeAuthenticationFilter@1532e03e, org.springframework.security.web.authentication.AnonymousAuthenticationFilter@c451d8a, org.springframework.security.web.session.SessionManagementFilter@3b10946f, org.springframework.security.web.access.ExceptionTranslationFilter@5c3dfbe7, org.springframework.security.web.access.intercept.FilterSecurityInterceptor@8637aa5]
2021-12-13 14:20:07.786  INFO 368 --- [restartedMain] o.s.b.a.w.s.WelcomePageHandlerMapping    : Adding welcome page template: index
2021-12-13 14:20:08.436  INFO 368 --- [restartedMain] o.s.b.d.a.OptionalLiveReloadServer       : LiveReload server is running on port 35729
2021-12-13 14:20:08.452  INFO 368 --- [restartedMain] o.s.b.w.embedded.tomcat.TomcatWebServer  : Tomcat started on port(s): 8080 (http) with context path '/ShopAdmin'
2021-12-13 14:20:08.462  INFO 368 --- [restartedMain] com.shop.admin.ShopBackEndApplication    : Started ShopBackEndApplication in 2.321 seconds (JVM running for 185876.412)
2021-12-13 14:20:08.467  INFO 368 --- [restartedMain] .ConditionEvaluationDeltaLoggingListener : Condition evaluation unchanged
2021-12-13 14:22:12.829  INFO 368 --- [RMI TCP Connection(586)-127.0.0.1] inMXBeanRegistrar$SpringApplicationAdmin : Application shutdown requested.
2021-12-13 14:22:12.860  INFO 368 --- [RMI TCP Connection(586)-127.0.0.1] j.LocalContainerEntityManagerFactoryBean : Closing JPA EntityManagerFactory for persistence unit 'default'
2021-12-13 14:22:12.862  INFO 368 --- [RMI TCP Connection(586)-127.0.0.1] com.zaxxer.hikari.HikariDataSource       : HikariPool-3 - Shutdown initiated...
2021-12-13 14:22:12.867  INFO 368 --- [RMI TCP Connection(586)-127.0.0.1] com.zaxxer.hikari.HikariDataSource       : HikariPool-3 - Shutdown completed.
2021-12-13 14:22:25.657  INFO 6232 --- [restartedMain] com.shop.admin.ShopBackEndApplication    : Starting ShopBackEndApplication using Java 15 on DESKTOP-9FI2JF9 with PID 6232 (C:\Users\PC\Documents\workspace-spring-tool-suite-4-4.8.1.RELEASE\ShopReferences\shop\ShopProject\ShopWebParent\ShopBackEnd\target\classes started by PC in C:\Users\PC\Documents\workspace-spring-tool-suite-4-4.8.1.RELEASE\ShopReferences\shop\ShopProject\ShopWebParent\ShopBackEnd)
2021-12-13 14:22:25.659  INFO 6232 --- [restartedMain] com.shop.admin.ShopBackEndApplication    : No active profile set, falling back to default profiles: default
2021-12-13 14:22:25.754  INFO 6232 --- [restartedMain] .e.DevToolsPropertyDefaultsPostProcessor : Devtools property defaults active! Set 'spring.devtools.add-properties' to 'false' to disable
2021-12-13 14:22:25.754  INFO 6232 --- [restartedMain] .e.DevToolsPropertyDefaultsPostProcessor : For additional web related logging consider setting the 'logging.level.web' property to 'DEBUG'
2021-12-13 14:22:27.124  INFO 6232 --- [restartedMain] .s.d.r.c.RepositoryConfigurationDelegate : Bootstrapping Spring Data JPA repositories in DEFAULT mode.
2021-12-13 14:22:27.232  INFO 6232 --- [restartedMain] .s.d.r.c.RepositoryConfigurationDelegate : Finished Spring Data repository scanning in 93 ms. Found 2 JPA repository interfaces.
2021-12-13 14:22:28.353  INFO 6232 --- [restartedMain] o.s.b.w.embedded.tomcat.TomcatWebServer  : Tomcat initialized with port(s): 8080 (http)
2021-12-13 14:22:28.373  INFO 6232 --- [restartedMain] o.apache.catalina.core.StandardService   : Starting service [Tomcat]
2021-12-13 14:22:28.374  INFO 6232 --- [restartedMain] org.apache.catalina.core.StandardEngine  : Starting Servlet engine: [Apache Tomcat/9.0.54]
2021-12-13 14:22:28.533  INFO 6232 --- [restartedMain] o.a.c.c.C.[.[localhost].[/ShopAdmin]     : Initializing Spring embedded WebApplicationContext
2021-12-13 14:22:28.533  INFO 6232 --- [restartedMain] w.s.c.ServletWebServerApplicationContext : Root WebApplicationContext: initialization completed in 2777 ms
2021-12-13 14:22:28.825  INFO 6232 --- [restartedMain] o.hibernate.jpa.internal.util.LogHelper  : HHH000204: Processing PersistenceUnitInfo [name: default]
2021-12-13 14:22:28.901  INFO 6232 --- [restartedMain] org.hibernate.Version                    : HHH000412: Hibernate ORM core version 5.4.32.Final
2021-12-13 14:22:29.102  INFO 6232 --- [restartedMain] o.hibernate.annotations.common.Version   : HCANN000001: Hibernate Commons Annotations {5.1.2.Final}
2021-12-13 14:22:29.294  INFO 6232 --- [restartedMain] com.zaxxer.hikari.HikariDataSource       : HikariPool-1 - Starting...
2021-12-13 14:22:30.422  INFO 6232 --- [restartedMain] com.zaxxer.hikari.HikariDataSource       : HikariPool-1 - Start completed.
2021-12-13 14:22:30.447  INFO 6232 --- [restartedMain] org.hibernate.dialect.Dialect            : HHH000400: Using dialect: org.hibernate.dialect.MySQL8Dialect
2021-12-13 14:22:31.710  INFO 6232 --- [restartedMain] o.h.e.t.j.p.i.JtaPlatformInitiator       : HHH000490: Using JtaPlatform implementation: [org.hibernate.engine.transaction.jta.platform.internal.NoJtaPlatform]
2021-12-13 14:22:31.723  INFO 6232 --- [restartedMain] j.LocalContainerEntityManagerFactoryBean : Initialized JPA EntityManagerFactory for persistence unit 'default'
2021-12-13 14:22:31.839  WARN 6232 --- [restartedMain] JpaBaseConfiguration$JpaWebConfiguration : spring.jpa.open-in-view is enabled by default. Therefore, database queries may be performed during view rendering. Explicitly configure spring.jpa.open-in-view to disable this warning
2021-12-13 14:22:32.721  INFO 6232 --- [restartedMain] o.s.s.web.DefaultSecurityFilterChain     : Will secure Ant [pattern='/images/**'] with []
2021-12-13 14:22:32.721  INFO 6232 --- [restartedMain] o.s.s.web.DefaultSecurityFilterChain     : Will secure Ant [pattern='/js/**'] with []
2021-12-13 14:22:32.722  INFO 6232 --- [restartedMain] o.s.s.web.DefaultSecurityFilterChain     : Will secure Ant [pattern='/webjars/**'] with []
2021-12-13 14:22:32.772  INFO 6232 --- [restartedMain] o.s.s.web.DefaultSecurityFilterChain     : Will secure any request with [org.springframework.security.web.context.request.async.WebAsyncManagerIntegrationFilter@70ff3f27, org.springframework.security.web.context.SecurityContextPersistenceFilter@6eb09c78, org.springframework.security.web.header.HeaderWriterFilter@ba0d95d, org.springframework.security.web.csrf.CsrfFilter@8455fb5, org.springframework.security.web.authentication.logout.LogoutFilter@6a609948, org.springframework.security.web.authentication.UsernamePasswordAuthenticationFilter@157c0db5, org.springframework.security.web.savedrequest.RequestCacheAwareFilter@2777b859, org.springframework.security.web.servletapi.SecurityContextHolderAwareRequestFilter@38277db, org.springframework.security.web.authentication.rememberme.RememberMeAuthenticationFilter@56f45409, org.springframework.security.web.authentication.AnonymousAuthenticationFilter@32c7bda8, org.springframework.security.web.session.SessionManagementFilter@71e5a509, org.springframework.security.web.access.ExceptionTranslationFilter@2f636b1d, org.springframework.security.web.access.intercept.FilterSecurityInterceptor@52a460ef]
2021-12-13 14:22:33.104  INFO 6232 --- [restartedMain] o.s.b.a.w.s.WelcomePageHandlerMapping    : Adding welcome page template: index
2021-12-13 14:22:34.519  INFO 6232 --- [restartedMain] o.s.b.d.a.OptionalLiveReloadServer       : LiveReload server is running on port 35729
2021-12-13 14:22:34.656  INFO 6232 --- [restartedMain] o.s.b.w.embedded.tomcat.TomcatWebServer  : Tomcat started on port(s): 8080 (http) with context path '/ShopAdmin'
2021-12-13 14:22:34.670  INFO 6232 --- [restartedMain] com.shop.admin.ShopBackEndApplication    : Started ShopBackEndApplication in 9.951 seconds (JVM running for 12.363)
